<?xml version="1.0" encoding="UTF-8"?>
<testsuite name="SQLInjection" tests="1" skipped="0" failures="0" errors="0" timestamp="2023-02-22T01:57:56" hostname="DESKTOP-B1M4PHT" time="800.69">
  <properties/>
  <testcase name="Successful SQL Injection" classname="SQLInjection" time="800.69"/>
  <system-out><![CDATA[t
th
thi
this
thisi
thisis
thisisa
thisisas
thisisase
thisisasec
thisisasecr
thisisasecre
thisisasecret
thisisasecretf
thisisasecretfo
thisisasecretfor
thisisasecretfort
thisisasecretforto
thisisasecretfortom
thisisasecretfortomo
thisisasecretfortomon
thisisasecretfortomonl
thisisasecretfortomonly
]]></system-out>
  <system-err><![CDATA[Feb 21, 2023 8:57:58 PM org.openqa.selenium.remote.DesiredCapabilities chrome
INFO: Using `new ChromeOptions()` is preferred to `DesiredCapabilities.chrome()`
[Test worker] INFO net.serenitybdd.core.webdriver.driverproviders.ProvideNewDriver - Instantiating driver
[Test worker] INFO net.serenitybdd.core.webdriver.driverproviders.ProvideNewDriver - Driver capabilities: Capabilities {acceptInsecureCerts: false, browserName: chrome, chrome.switches: --start-maximized  --lang=e..., goog:chromeOptions: {args: [--start-maximized, --lang=en-us, --disable-popup-blocking -i..., --disable-blink-features=Au...], extensions: []}, loggingPrefs: org.openqa.selenium.logging..., platform: ANY, version: }
Starting ChromeDriver 109.0.5414.74 (e7c5703604daa9cc128ccf5a5d3e993513758913-refs/branch-heads/5414@{#1172}) on port 3833
Only local connections are allowed.
Please see https://chromedriver.chromium.org/security-considerations for suggestions on keeping ChromeDriver safe.
ChromeDriver was started successfully.
[1677031082.726][WARNING]: This version of ChromeDriver has not been tested with Chrome version 110.
Feb 21, 2023 8:58:02 PM org.openqa.selenium.remote.ProtocolHandshake createSession
INFO: Detected dialect: W3C
[Test worker] INFO net.thucydides.core.steps.ConsoleLoggingListener - 
        __    _____ _____ ____ _____   ____   _    ____  ____  _____ ____  
  _     \ \  |_   _| ____/ ___|_   _| |  _ \ / \  / ___|/ ___|| ____|  _ \ 
 (_)_____| |   | | |  _| \___ \ | |   | |_) / _ \ \___ \\___ \|  _| | | | |
  _|_____| |   | | | |___ ___) || |   |  __/ ___ \ ___) |___) | |___| |_| |
 (_)     | |   |_| |_____|____/ |_|   |_| /_/   \_\____/|____/|_____|____/ 
        /_/                                                                

TEST PASSED: Successful SQL Injection
----------------------------------------------------------------------------
]]></system-err>
</testsuite>
